<?xml version="1.0" encoding="UTF-8"?>
<!-- Generated by org.testng.reporters.JUnitReportReporter -->
<testsuite hostname="DESKTOP-1FJC9IP" failures="0" tests="2" name="com.facebook.qa.testcases.SignUpPageTest" time="56.053" errors="0" timestamp="2022-09-23T11:26:40 IST" skipped="0">
  <testcase classname="com.facebook.qa.testcases.SignUpPageTest" name="signUpPageTitleTest" time="36.520"/>
  <system-out/>
  <testcase classname="com.facebook.qa.testcases.SignUpPageTest" name="SignUpTest" time="19.533"/>
  <system-out/>
</testsuite> <!-- com.facebook.qa.testcases.SignUpPageTest -->
