<?xml version="1.0" encoding="UTF-8"?>
<!-- Generated by org.testng.reporters.JUnitReportReporter -->
<testsuite hostname="DESKTOP-1FJC9IP" failures="0" tests="7" name="com.facebook.qa.testcases.LoginPageTest" time="115.210" errors="0" timestamp="2022-09-23T11:26:40 IST" skipped="0">
  <testcase classname="com.facebook.qa.testcases.LoginPageTest" name="multipleLoginTest" time="14.251"/>
  <system-out/>
  <testcase classname="com.facebook.qa.testcases.LoginPageTest" name="multipleLoginTest" time="11.283"/>
  <system-out/>
  <testcase classname="com.facebook.qa.testcases.LoginPageTest" name="multipleLoginTest" time="14.160"/>
  <system-out/>
  <testcase classname="com.facebook.qa.testcases.LoginPageTest" name="multipleLoginTest" time="18.065"/>
  <system-out/>
  <testcase classname="com.facebook.qa.testcases.LoginPageTest" name="LoginPageTitleTest" time="13.181"/>
  <system-out/>
  <testcase classname="com.facebook.qa.testcases.LoginPageTest" name="facebookImageTest" time="32.033"/>
  <system-out/>
  <testcase classname="com.facebook.qa.testcases.LoginPageTest" name="loginTest" time="12.237"/>
  <system-out/>
</testsuite> <!-- com.facebook.qa.testcases.LoginPageTest -->
